MyFM/app/build/intermediates/manifest_merge_blame_file/release/manifest-merger-blame-release-report.txt
1<?xml version="1.0" encoding="utf-8"?>
2<manifest xmlns:android="http://schemas.android.com/apk/res/android"
3    package="com.myapp.myfm"
4    android:versionCode="2"
5    android:versionName="2.1.20260127.1104" >
6
7    <uses-sdk
8        android:minSdkVersion="25"
8-->src/main/AndroidManifest.xml
9        android:targetSdkVersion="29" />
9-->src/main/AndroidManifest.xml
10
11    <uses-permission android:name="android.permission.RECORD_AUDIO" />
11-->src/main/AndroidManifest.xml:5:5-71
11-->src/main/AndroidManifest.xml:5:22-68
12    <uses-permission android:name="android.permission.MODIFY_AUDIO_SETTINGS" />
12-->src/main/AndroidManifest.xml:6:5-80
12-->src/main/AndroidManifest.xml:6:22-77
13    <uses-permission android:name="android.permission.INTERNET" />
13-->src/main/AndroidManifest.xml:7:5-67
13-->src/main/AndroidManifest.xml:7:22-64
14    <uses-permission android:name="android.permission.FOREGROUND_SERVICE" />
14-->src/main/AndroidManifest.xml:8:5-77
14-->src/main/AndroidManifest.xml:8:22-74
15    <uses-permission android:name="android.permission.FOREGROUND_SERVICE_MICROPHONE" />
15-->src/main/AndroidManifest.xml:9:5-88
15-->src/main/AndroidManifest.xml:9:22-85
16    <uses-permission android:name="android.permission.FOREGROUND_SERVICE_SPECIAL_USE" />
16-->src/main/AndroidManifest.xml:10:5-89
16-->src/main/AndroidManifest.xml:10:22-86
17    <uses-permission android:name="android.permission.RECORD_AUDIO" />
17-->src/main/AndroidManifest.xml:5:5-71
17-->src/main/AndroidManifest.xml:5:22-68
18    <uses-permission android:name="android.permission.MODIFY_AUDIO_SETTINGS" />
18-->src/main/AndroidManifest.xml:6:5-80
18-->src/main/AndroidManifest.xml:6:22-77
19    <uses-permission android:name="android.permission.READ_EXTERNAL_STORAGE" />
19-->src/main/AndroidManifest.xml:13:5-80
19-->src/main/AndroidManifest.xml:13:22-77
20    <uses-permission android:name="android.permission.WRITE_EXTERNAL_STORAGE" />
20-->src/main/AndroidManifest.xml:14:5-81
20-->src/main/AndroidManifest.xml:14:22-78
21    <uses-permission android:name="android.permission.MODIFY_AUDIO_SETTINGS" />
21-->src/main/AndroidManifest.xml:6:5-80
21-->src/main/AndroidManifest.xml:6:22-77
22    <uses-permission android:name="android.permission.FOREGROUND_SERVICE_MICROPHONE" />
22-->src/main/AndroidManifest.xml:9:5-88
22-->src/main/AndroidManifest.xml:9:22-85
23
24    <application
24-->src/main/AndroidManifest.xml:19:5-44:19
25        android:name="com.myapp.myfm.MyFmApp"
25-->src/main/AndroidManifest.xml:20:9-32
26        android:allowBackup="true"
26-->src/main/AndroidManifest.xml:21:9-35
27        android:appComponentFactory="androidx.core.app.CoreComponentFactory"
27-->[androidx.core:core:1.6.0] AndroidManifest.xml:24:18-86
28        android:extractNativeLibs="false"
29        android:icon="@mipmap/ic_launcher"
29-->src/main/AndroidManifest.xml:22:9-43
30        android:label="@string/app_name"
30-->src/main/AndroidManifest.xml:23:9-41
31        android:roundIcon="@mipmap/ic_launcher_round"
31-->src/main/AndroidManifest.xml:24:9-54
32        android:supportsRtl="true"
32-->src/main/AndroidManifest.xml:25:9-35
33        android:theme="@style/AppTheme" >
33-->src/main/AndroidManifest.xml:26:9-40
34        <activity android:name="com.myapp.myfm.SettingActivity" />
34-->src/main/AndroidManifest.xml:27:9-62
34-->src/main/AndroidManifest.xml:27:19-50
35        <activity android:name="com.myapp.myfm.MainActivity" >
35-->src/main/AndroidManifest.xml:28:9-34:20
35-->src/main/AndroidManifest.xml:28:19-47
36            <intent-filter>
36-->src/main/AndroidManifest.xml:29:13-33:29
37                <action android:name="android.intent.action.MAIN" />
37-->src/main/AndroidManifest.xml:30:17-69
37-->src/main/AndroidManifest.xml:30:25-66
38
39                <category android:name="android.intent.category.LAUNCHER" />
39-->src/main/AndroidManifest.xml:32:17-77
39-->src/main/AndroidManifest.xml:32:27-74
40            </intent-filter>
41        </activity>
42        <activity
42-->src/main/AndroidManifest.xml:35:9-37:58
43            android:name="com.myapp.myfm.FileEdit"
43-->src/main/AndroidManifest.xml:36:13-37
44            android:windowSoftInputMode="adjustResize" />
44-->src/main/AndroidManifest.xml:37:13-55
45
46        <service
46-->src/main/AndroidManifest.xml:39:9-43:71
47            android:name="com.myapp.myfm.FMService"
47-->src/main/AndroidManifest.xml:40:13-38
48            android:enabled="true"
48-->src/main/AndroidManifest.xml:41:13-35
49            android:exported="false"
49-->src/main/AndroidManifest.xml:42:13-37
50            android:foregroundServiceType="microphone|mediaPlayback" />
50-->src/main/AndroidManifest.xml:43:13-69
51    </application>
52
53</manifest>